<?xml version="1.0" encoding="UTF-8"?>
<!-- Generated by org.testng.reporters.JUnitReportReporter -->
<testsuite hostname="NagaPraveenKumar" name="com.testcases.facebook.TC01_NewPost" tests="1" failures="0" timestamp="4 Jun 2022 21:20:06 GMT" time="22.267" errors="0">
  <testcase name="createNewPost" time="22.267" classname="com.testcases.facebook.TC01_NewPost"/>
</testsuite> <!-- com.testcases.facebook.TC01_NewPost -->
