<?xml version="1.0" encoding="UTF-8"?>
<!-- Generated by org.testng.reporters.JUnitReportReporter -->
<testsuite hostname="NagaPraveenKumar" name="com.testcases.wallethub.TC01_ReviewSubmisstion" tests="1" failures="0" timestamp="4 Jun 2022 21:20:06 GMT" time="20.263" errors="0">
  <testcase name="submitReview" time="20.263" classname="com.testcases.wallethub.TC01_ReviewSubmisstion"/>
</testsuite> <!-- com.testcases.wallethub.TC01_ReviewSubmisstion -->
